<?xml version="1.0" encoding="UTF-8"?>
<!-- Generated by org.testng.reporters.JUnitXMLReporter -->
<testsuite ignored="0" hostname="LAPTOP-VP7T7GP6" failures="0" tests="4" name="Test" time="0.092" errors="0" timestamp="2021-07-18T16:10:10 IST">
  <testcase classname="Test.Testmain1" name="test1" time="0.01"/>
  <testcase classname="Test.Testmain1" name="test2" time="0.001"/>
  <testcase classname="Test.Testmain" name="test1" time="0.001"/>
  <testcase classname="Test.Testmain" name="test2" time="0.001"/>
</testsuite> <!-- Test -->
