<?xml version="1.0" encoding="UTF-8"?>
<testng-results ignored="0" total="4" passed="4" failed="0" skipped="0">
  <reporter-output>
  </reporter-output>
  <suite started-at="2021-07-18T16:10:10 IST" name="Suite" finished-at="2021-07-18T16:10:10 IST" duration-ms="92">
    <groups>
    </groups>
    <test started-at="2021-07-18T16:10:10 IST" name="Test" finished-at="2021-07-18T16:10:10 IST" duration-ms="92">
      <class name="Test.Testmain1">
        <test-method signature="test1()[pri:0, instance:Test.Testmain1@31e5415e]" started-at="2021-07-18T16:10:10 IST" name="test1" finished-at="2021-07-18T16:10:10 IST" duration-ms="10" status="PASS">
          <reporter-output>
          </reporter-output>
        </test-method> <!-- test1 -->
        <test-method signature="test2()[pri:0, instance:Test.Testmain1@31e5415e]" started-at="2021-07-18T16:10:10 IST" name="test2" finished-at="2021-07-18T16:10:10 IST" duration-ms="1" status="PASS">
          <reporter-output>
          </reporter-output>
        </test-method> <!-- test2 -->
      </class> <!-- Test.Testmain1 -->
      <class name="Test.Testmain">
        <test-method signature="test1()[pri:0, instance:Test.Testmain@50b5ac82]" started-at="2021-07-18T16:10:10 IST" name="test1" finished-at="2021-07-18T16:10:10 IST" duration-ms="1" status="PASS">
          <reporter-output>
          </reporter-output>
        </test-method> <!-- test1 -->
        <test-method signature="test2()[pri:0, instance:Test.Testmain@50b5ac82]" started-at="2021-07-18T16:10:10 IST" name="test2" finished-at="2021-07-18T16:10:10 IST" duration-ms="1" status="PASS">
          <reporter-output>
          </reporter-output>
        </test-method> <!-- test2 -->
      </class> <!-- Test.Testmain -->
    </test> <!-- Test -->
  </suite> <!-- Suite -->
</testng-results>
